ARM GAS  /tmp/cc97xiuQ.s 			page 1


   1              		.cpu cortex-m4
   2              		.eabi_attribute 27, 1
   3              		.eabi_attribute 28, 1
   4              		.eabi_attribute 20, 1
   5              		.eabi_attribute 21, 1
   6              		.eabi_attribute 23, 3
   7              		.eabi_attribute 24, 1
   8              		.eabi_attribute 25, 1
   9              		.eabi_attribute 26, 1
  10              		.eabi_attribute 30, 1
  11              		.eabi_attribute 34, 1
  12              		.eabi_attribute 18, 4
  13              		.file	"mc_configuration_registers.c"
  14              		.text
  15              	.Ltext0:
  16              		.cfi_sections	.debug_frame
  17              		.global	ApplicationConfig_reg
  18              		.global	MotorConfig_reg
  19              		.global	FOCConfig_reg
  20              		.global	PWR_BOARD_NAME
  21              		.global	M1_MotorConfig_reg
  22              		.global	globalConfig_reg
  23              		.global	FIRMWARE_NAME
  24              		.global	CTL_BOARD
  25              		.section	.data.ApplicationConfig_reg,"aw"
  26              		.align	2
  29              	ApplicationConfig_reg:
  30 0000 00000000 		.word	M1_ApplicationConfig_reg
  31              		.section	.data.FOCConfig_reg,"aw"
  32              		.align	2
  35              	FOCConfig_reg:
  36 0000 00000000 		.word	M1_FOCConfig_reg
  37              		.section	.data.MotorConfig_reg,"aw"
  38              		.align	2
  41              	MotorConfig_reg:
  42 0000 00000000 		.word	M1_MotorConfig_reg
  43              		.section	.data.PWR_BOARD_NAME,"aw"
  44              		.align	2
  47              	PWR_BOARD_NAME:
  48 0000 00000000 		.word	M1_PWR_BOARD
  49              		.section	.rodata.CTL_BOARD,"a"
  50              		.align	2
  53              	CTL_BOARD:
  54 0000 422D4734 		.ascii	"B-G431B-ESC1\000"
  54      3331422D 
  54      45534331 
  54      00
  55              		.section	.rodata.FIRMWARE_NAME,"a"
  56              		.align	2
  59              	FIRMWARE_NAME:
  60 0000 5354204D 		.ascii	"ST MC SDK\011Ver.6.1.0\000"
  60      43205344 
  60      4B095665 
  60      722E362E 
  60      312E3000 
  61              		.section	.rodata.M1_ApplicationConfig_reg,"a"
  62              		.align	2
ARM GAS  /tmp/cc97xiuQ.s 			page 2


  65              	M1_ApplicationConfig_reg:
  66 0000 12270000 		.word	10002
  67 0004 42B37042 		.word	1114682178
  68 0008 8108     		.short	2177
  69 000a 0F00     		.short	15
  70 000c 00       		.byte	0
  71 000d 00       		.space	1
  72              		.section	.rodata.M1_FOCConfig_reg,"a"
  73              		.align	2
  76              	M1_FOCConfig_reg:
  77 0000 01       		.byte	1
  78 0001 03       		.byte	3
  79 0002 00       		.byte	0
  80 0003 01       		.byte	1
  81 0004 803E0000 		.word	16000
  82 0008 E803     		.short	1000
  83 000a 0206     		.short	1538
  84 000c 0000     		.short	0
  85              		.section	.rodata.M1_MotorConfig_reg,"a"
  86              		.align	2
  89              	M1_MotorConfig_reg:
  90 0000 0000E040 		.word	1088421888
  91 0004 CDCCCC3E 		.word	1053609165
  92 0008 CDCCCC3D 		.word	1036831949
  93 000c 00000000 		.space	4
  94 0010 ACC5A737 		.word	933741996
  95 0014 ACC5A737 		.word	933741996
  96 0018 00100845 		.word	1158156288
  97 001c 00000000 		.space	8
  97      00000000 
  98 0024 4D4E2D34 		.ascii	"MN-4006\000"
  98      30303600 
  99 002c 00000000 		.space	16
  99      00000000 
  99      00000000 
  99      00000000 
 100              		.section	.rodata.M1_PWR_BOARD,"a"
 101              		.align	2
 104              	M1_PWR_BOARD:
 105 0000 422D4734 		.ascii	"B-G431B-ESC1\000"
 105      3331422D 
 105      45534331 
 105      00
 106              		.section	.rodata.globalConfig_reg,"a"
 107              		.align	2
 110              	globalConfig_reg:
 111 0000 00000106 		.word	100728832
 112 0004 01       		.byte	1
 113 0005 02       		.byte	2
 114 0006 0A       		.byte	10
 115 0007 00       		.byte	0
 116 0008 00       		.byte	0
 117 0009 00       		.space	1
 118              		.text
 119              	.Letext0:
 120              		.file 1 "/usr/lib/gcc/arm-none-eabi/9.2.1/include/stdint.h"
 121              		.file 2 "Drivers/CMSIS/Include/core_cm4.h"
ARM GAS  /tmp/cc97xiuQ.s 			page 3


 122              		.file 3 "Drivers/CMSIS/Device/ST/STM32G4xx/Include/system_stm32g4xx.h"
 123              		.file 4 "Drivers/STM32G4xx_HAL_Driver/Inc/stm32g4xx_hal_def.h"
 124              		.file 5 "Drivers/STM32G4xx_HAL_Driver/Inc/stm32g4xx_hal_flash.h"
 125              		.file 6 "Drivers/STM32G4xx_HAL_Driver/Inc/stm32g4xx_hal.h"
 126              		.file 7 "Drivers/STM32G4xx_HAL_Driver/Inc/stm32g4xx_ll_tim.h"
 127              		.file 8 "Drivers/STM32G4xx_HAL_Driver/Inc/stm32g4xx_ll_usart.h"
 128              		.file 9 "Drivers/STM32G4xx_HAL_Driver/Inc/stm32g4xx_ll_dma.h"
 129              		.file 10 "MCSDK_v6.1.0-Full/MotorControl/MCSDK/MCLib/Any/Inc/mc_type.h"
 130              		.file 11 "Inc/mc_configuration_registers.h"
 131              		.file 12 "Src/mc_configuration_registers.c"
ARM GAS  /tmp/cc97xiuQ.s 			page 4


DEFINED SYMBOLS
                            *ABS*:0000000000000000 mc_configuration_registers.c
     /tmp/cc97xiuQ.s:29     .data.ApplicationConfig_reg:0000000000000000 ApplicationConfig_reg
     /tmp/cc97xiuQ.s:41     .data.MotorConfig_reg:0000000000000000 MotorConfig_reg
     /tmp/cc97xiuQ.s:35     .data.FOCConfig_reg:0000000000000000 FOCConfig_reg
     /tmp/cc97xiuQ.s:47     .data.PWR_BOARD_NAME:0000000000000000 PWR_BOARD_NAME
     /tmp/cc97xiuQ.s:89     .rodata.M1_MotorConfig_reg:0000000000000000 M1_MotorConfig_reg
     /tmp/cc97xiuQ.s:110    .rodata.globalConfig_reg:0000000000000000 globalConfig_reg
     /tmp/cc97xiuQ.s:59     .rodata.FIRMWARE_NAME:0000000000000000 FIRMWARE_NAME
     /tmp/cc97xiuQ.s:53     .rodata.CTL_BOARD:0000000000000000 CTL_BOARD
     /tmp/cc97xiuQ.s:26     .data.ApplicationConfig_reg:0000000000000000 $d
     /tmp/cc97xiuQ.s:65     .rodata.M1_ApplicationConfig_reg:0000000000000000 M1_ApplicationConfig_reg
     /tmp/cc97xiuQ.s:32     .data.FOCConfig_reg:0000000000000000 $d
     /tmp/cc97xiuQ.s:76     .rodata.M1_FOCConfig_reg:0000000000000000 M1_FOCConfig_reg
     /tmp/cc97xiuQ.s:38     .data.MotorConfig_reg:0000000000000000 $d
     /tmp/cc97xiuQ.s:44     .data.PWR_BOARD_NAME:0000000000000000 $d
     /tmp/cc97xiuQ.s:104    .rodata.M1_PWR_BOARD:0000000000000000 M1_PWR_BOARD
     /tmp/cc97xiuQ.s:50     .rodata.CTL_BOARD:0000000000000000 $d
     /tmp/cc97xiuQ.s:56     .rodata.FIRMWARE_NAME:0000000000000000 $d
     /tmp/cc97xiuQ.s:62     .rodata.M1_ApplicationConfig_reg:0000000000000000 $d
     /tmp/cc97xiuQ.s:73     .rodata.M1_FOCConfig_reg:0000000000000000 $d
     /tmp/cc97xiuQ.s:86     .rodata.M1_MotorConfig_reg:0000000000000000 $d
     /tmp/cc97xiuQ.s:101    .rodata.M1_PWR_BOARD:0000000000000000 $d
     /tmp/cc97xiuQ.s:107    .rodata.globalConfig_reg:0000000000000000 $d

NO UNDEFINED SYMBOLS
