ARM GAS  /tmp/ccz5pSJU.s 			page 1


   1              		.cpu cortex-m4
   2              		.eabi_attribute 27, 1
   3              		.eabi_attribute 28, 1
   4              		.eabi_attribute 20, 1
   5              		.eabi_attribute 21, 1
   6              		.eabi_attribute 23, 3
   7              		.eabi_attribute 24, 1
   8              		.eabi_attribute 25, 1
   9              		.eabi_attribute 26, 1
  10              		.eabi_attribute 30, 1
  11              		.eabi_attribute 34, 1
  12              		.eabi_attribute 18, 4
  13              		.file	"mc_parameters.c"
  14              		.text
  15              	.Ltext0:
  16              		.cfi_sections	.debug_frame
  17              		.global	R3_2_ParamsM1
  18              		.global	R3_3_OPAMPParamsM1
  19              		.section	.rodata.R3_2_ParamsM1,"a"
  20              		.align	2
  23              	R3_2_ParamsM1:
  24 0000 00000050 		.word	1342177280
  25 0004 00010050 		.word	1342177536
  26 0008 002C0140 		.word	1073818624
  27 000c 00000000 		.word	R3_3_OPAMPParamsM1
  28 0010 00020140 		.word	1073807872
  29 0014 04020140 		.word	1073807876
  30 0018 0C020140 		.word	1073807884
  31 001c 00000000 		.word	0
  32 0020 00000000 		.word	0
  33 0024 00000000 		.word	0
  34 0028 00000000 		.word	0
  35 002c 00100050 		.word	1342181376
  36 0030 00100050 		.word	1342181376
  37 0034 00100050 		.word	1342181376
  38 0038 00000000 		.word	0
  39 003c 01001102 		.word	34668545
  40 0040 F2004235 		.word	893518066
  41 0044 F2004235 		.word	893518066
  42 0048 00000000 		.word	0
  43 004c 00010050 		.word	1342177536
  44 0050 00000050 		.word	1342177280
  45 0054 00000050 		.word	1342177280
  46 0058 00000050 		.word	1342177280
  47 005c 00000050 		.word	1342177280
  48 0060 00010050 		.word	1342177536
  49 0064 00000050 		.word	1342177280
  50 0068 00010050 		.word	1342177536
  51 006c 00010050 		.word	1342177536
  52 0070 00010050 		.word	1342177536
  53 0074 00010050 		.word	1342177536
  54 0078 00000050 		.word	1342177280
  55 007c 00060000 		.word	1536
  56 0080 00060000 		.word	1536
  57 0084 00060000 		.word	1536
  58 0088 00060000 		.word	1536
  59 008c 00060000 		.word	1536
ARM GAS  /tmp/ccz5pSJU.s 			page 2


  60 0090 00060000 		.word	1536
  61 0094 00180000 		.word	6144
  62 0098 00240000 		.word	9216
  63 009c 00240000 		.word	9216
  64 00a0 00060000 		.word	1536
  65 00a4 00060000 		.word	1536
  66 00a8 00180000 		.word	6144
  67 00ac 0000     		.short	0
  68 00ae 0000     		.short	0
  69 00b0 0000     		.short	0
  70 00b2 2901     		.short	297
  71 00b4 1A00     		.short	26
  72 00b6 2900     		.short	41
  73 00b8 4301     		.short	323
  74 00ba A100     		.short	161
  75 00bc F30F     		.short	4083
  76 00be 165D     		.short	23830
  77 00c0 01       		.byte	1
  78 00c1 01       		.byte	1
  79 00c2 02       		.byte	2
  80 00c3 02       		.byte	2
  81 00c4 02       		.byte	2
  82 00c5 02       		.byte	2
  83 00c6 00       		.byte	0
  84 00c7 01       		.byte	1
  85 00c8 01       		.byte	1
  86 00c9 000000   		.space	3
  87              		.section	.rodata.R3_3_OPAMPParamsM1,"a"
  88              		.align	2
  91              	R3_3_OPAMPParamsM1:
  92 0000 00030140 		.word	1073808128
  93 0004 04030140 		.word	1073808132
  94 0008 08030140 		.word	1073808136
  95 000c 04030140 		.word	1073808132
  96 0010 00030140 		.word	1073808128
  97 0014 00030140 		.word	1073808128
  98 0018 00030140 		.word	1073808128
  99 001c 00030140 		.word	1073808128
 100 0020 04030140 		.word	1073808132
 101 0024 08030140 		.word	1073808136
 102 0028 08030140 		.word	1073808136
 103 002c 08030140 		.word	1073808136
 104 0030 04030140 		.word	1073808132
 105 0034 04030140 		.word	1073808132
 106 0038 08030140 		.word	1073808136
 107 003c FFFFFFFF 		.word	-1
 108 0040 FFFFFFFF 		.word	-1
 109 0044 FFFFFFFF 		.word	-1
 110 0048 FFFFFFFF 		.word	-1
 111 004c FFFFFFFF 		.word	-1
 112 0050 FFFFFFFF 		.word	-1
 113 0054 00000000 		.word	0
 114 0058 00010000 		.word	256
 115 005c 00010000 		.word	256
 116 0060 FFFFFFFF 		.word	-1
 117 0064 FFFFFFFF 		.word	-1
 118 0068 00000000 		.word	0
ARM GAS  /tmp/ccz5pSJU.s 			page 3


 119              		.text
 120              	.Letext0:
 121              		.file 1 "/usr/lib/gcc/arm-none-eabi/9.2.1/include/stdint.h"
 122              		.file 2 "Drivers/CMSIS/Include/core_cm4.h"
 123              		.file 3 "Drivers/CMSIS/Device/ST/STM32G4xx/Include/system_stm32g4xx.h"
 124              		.file 4 "Drivers/CMSIS/Device/ST/STM32G4xx/Include/stm32g431xx.h"
 125              		.file 5 "Drivers/STM32G4xx_HAL_Driver/Inc/stm32g4xx_hal_def.h"
 126              		.file 6 "Drivers/STM32G4xx_HAL_Driver/Inc/stm32g4xx_hal_flash.h"
 127              		.file 7 "Drivers/STM32G4xx_HAL_Driver/Inc/stm32g4xx_hal.h"
 128              		.file 8 "Drivers/STM32G4xx_HAL_Driver/Inc/stm32g4xx_ll_tim.h"
 129              		.file 9 "Drivers/STM32G4xx_HAL_Driver/Inc/stm32g4xx_ll_usart.h"
 130              		.file 10 "Drivers/STM32G4xx_HAL_Driver/Inc/stm32g4xx_ll_dma.h"
 131              		.file 11 "MCSDK_v6.1.0-Full/MotorControl/MCSDK/MCLib/Any/Inc/mc_type.h"
 132              		.file 12 "MCSDK_v6.1.0-Full/MotorControl/MCSDK/MCLib/Any/Inc/pid_regulator.h"
 133              		.file 13 "MCSDK_v6.1.0-Full/MotorControl/MCSDK/MCLib/Any/Inc/speed_pos_fdbk.h"
 134              		.file 14 "MCSDK_v6.1.0-Full/MotorControl/MCSDK/MCLib/Any/Inc/speed_torq_ctrl.h"
 135              		.file 15 "MCSDK_v6.1.0-Full/MotorControl/MCSDK/MCLib/Any/Inc/virtual_speed_sensor.h"
 136              		.file 16 "Inc/regular_conversion_manager.h"
 137              		.file 17 "MCSDK_v6.1.0-Full/MotorControl/MCSDK/MCLib/Any/Inc/ntc_temperature_sensor.h"
 138              		.file 18 "MCSDK_v6.1.0-Full/MotorControl/MCSDK/MCLib/Any/Inc/sto_speed_pos_fdbk.h"
 139              		.file 19 "MCSDK_v6.1.0-Full/MotorControl/MCSDK/MCLib/Any/Inc/pwm_curr_fdbk.h"
 140              		.file 20 "MCSDK_v6.1.0-Full/MotorControl/MCSDK/MCLib/Any/Inc/revup_ctrl.h"
 141              		.file 21 "Inc/mc_interface.h"
 142              		.file 22 "Inc/mc_configuration_registers.h"
 143              		.file 23 "MCSDK_v6.1.0-Full/MotorControl/MCSDK/MCLib/Any/Inc/bus_voltage_sensor.h"
 144              		.file 24 "MCSDK_v6.1.0-Full/MotorControl/MCSDK/MCLib/Any/Inc/r_divider_bus_voltage_sensor.h"
 145              		.file 25 "MCSDK_v6.1.0-Full/MotorControl/MCSDK/MCLib/Any/Inc/feed_forward_ctrl.h"
 146              		.file 26 "MCSDK_v6.1.0-Full/MotorControl/MCSDK/MCLib/Any/Inc/pqd_motor_power_measurement.h"
 147              		.file 27 "MCSDK_v6.1.0-Full/MotorControl/MCSDK/MCLib/G4xx/Inc/r3_2_g4xx_pwm_curr_fdbk.h"
 148              		.file 28 "MCSDK_v6.1.0-Full/MotorControl/MCSDK/MCLib/Any/Inc/encoder_speed_pos_fdbk.h"
 149              		.file 29 "MCSDK_v6.1.0-Full/MotorControl/MCSDK/MCLib/Any/Inc/enc_align_ctrl.h"
 150              		.file 30 "MCSDK_v6.1.0-Full/MotorControl/MCSDK/MCLib/Any/Inc/ramp_ext_mngr.h"
 151              		.file 31 "MCSDK_v6.1.0-Full/MotorControl/MCSDK/MCLib/Any/Inc/circle_limitation.h"
 152              		.file 32 "MCSDK_v6.1.0-Full/MotorControl/MCSDK/MCLib/Any/Inc/sto_pll_speed_pos_fdbk.h"
 153              		.file 33 "Inc/mc_config.h"
 154              		.file 34 "Src/mc_parameters.c"
ARM GAS  /tmp/ccz5pSJU.s 			page 4


DEFINED SYMBOLS
                            *ABS*:0000000000000000 mc_parameters.c
     /tmp/ccz5pSJU.s:23     .rodata.R3_2_ParamsM1:0000000000000000 R3_2_ParamsM1
     /tmp/ccz5pSJU.s:91     .rodata.R3_3_OPAMPParamsM1:0000000000000000 R3_3_OPAMPParamsM1
     /tmp/ccz5pSJU.s:20     .rodata.R3_2_ParamsM1:0000000000000000 $d
     /tmp/ccz5pSJU.s:88     .rodata.R3_3_OPAMPParamsM1:0000000000000000 $d

NO UNDEFINED SYMBOLS
