ARM GAS  /tmp/ccHxt58w.s 			page 1


   1              		.cpu cortex-m4
   2              		.eabi_attribute 27, 1
   3              		.eabi_attribute 28, 1
   4              		.eabi_attribute 20, 1
   5              		.eabi_attribute 21, 1
   6              		.eabi_attribute 23, 3
   7              		.eabi_attribute 24, 1
   8              		.eabi_attribute 25, 1
   9              		.eabi_attribute 26, 1
  10              		.eabi_attribute 30, 1
  11              		.eabi_attribute 34, 1
  12              		.eabi_attribute 18, 4
  13              		.file	"motorcontrol.c"
  14              		.text
  15              	.Ltext0:
  16              		.cfi_sections	.debug_frame
  17              		.section	.text.MX_MotorControl_Init,"ax",%progbits
  18              		.align	1
  19              		.weak	MX_MotorControl_Init
  20              		.arch armv7e-m
  21              		.syntax unified
  22              		.thumb
  23              		.thumb_func
  24              		.fpu fpv4-sp-d16
  26              	MX_MotorControl_Init:
  27              	.LFB1622:
  28              		.file 1 "Src/motorcontrol.c"
   1:Src/motorcontrol.c **** /**
   2:Src/motorcontrol.c ****   ******************************************************************************
   3:Src/motorcontrol.c ****   * @file    motorcontrol.c
   4:Src/motorcontrol.c ****   * @author  Motor Control SDK Team, ST Microelectronics
   5:Src/motorcontrol.c ****   * @brief   Motor Control Subsystem initialization functions.
   6:Src/motorcontrol.c ****   ******************************************************************************
   7:Src/motorcontrol.c ****   * @attention
   8:Src/motorcontrol.c ****   *
   9:Src/motorcontrol.c ****   * <h2><center>&copy; Copyright (c) 2022 STMicroelectronics.
  10:Src/motorcontrol.c ****   * All rights reserved.</center></h2>
  11:Src/motorcontrol.c ****   *
  12:Src/motorcontrol.c ****   * This software component is licensed by ST under Ultimate Liberty license
  13:Src/motorcontrol.c ****   * SLA0044, the "License"; You may not use this file except in compliance with
  14:Src/motorcontrol.c ****   * the License. You may obtain a copy of the License at:
  15:Src/motorcontrol.c ****   *                             www.st.com/SLA0044
  16:Src/motorcontrol.c ****   *
  17:Src/motorcontrol.c ****   ******************************************************************************
  18:Src/motorcontrol.c ****   * @ingroup MCInterface
  19:Src/motorcontrol.c ****   */
  20:Src/motorcontrol.c **** //cstat -MISRAC2012-Rule-21.1
  21:Src/motorcontrol.c **** #include "main.h"
  22:Src/motorcontrol.c **** //cstat +MISRAC2012-Rule-21.1
  23:Src/motorcontrol.c **** #include "mc_interface.h"
  24:Src/motorcontrol.c **** #include "mc_tasks.h"
  25:Src/motorcontrol.c **** 
  26:Src/motorcontrol.c **** #include "motorcontrol.h"
  27:Src/motorcontrol.c **** 
  28:Src/motorcontrol.c **** /** @addtogroup MCSDK
  29:Src/motorcontrol.c ****   * @{
  30:Src/motorcontrol.c ****   */
ARM GAS  /tmp/ccHxt58w.s 			page 2


  31:Src/motorcontrol.c **** 
  32:Src/motorcontrol.c **** /** @addtogroup MCInterface
  33:Src/motorcontrol.c ****   * @{
  34:Src/motorcontrol.c ****   */
  35:Src/motorcontrol.c **** 
  36:Src/motorcontrol.c **** MCI_Handle_t* pMCI[NBR_OF_MOTORS];
  37:Src/motorcontrol.c **** 
  38:Src/motorcontrol.c **** /**
  39:Src/motorcontrol.c ****  * @brief Initializes and configures the Motor Control Subsystem
  40:Src/motorcontrol.c ****  *
  41:Src/motorcontrol.c ****  *  This function initializes and configures all the structures and components needed
  42:Src/motorcontrol.c ****  * for the Motor Control subsystem required by the Application. It expects that
  43:Src/motorcontrol.c ****  * all the peripherals needed for Motor Control purposes are already configured but
  44:Src/motorcontrol.c ****  * that their interrupts are not enabled yet.
  45:Src/motorcontrol.c ****  *
  46:Src/motorcontrol.c ****  * CubeMX calls this function after all peripherals initializations and
  47:Src/motorcontrol.c ****  * before the NVIC is configured
  48:Src/motorcontrol.c ****  */
  49:Src/motorcontrol.c **** __weak void MX_MotorControl_Init(void)
  50:Src/motorcontrol.c **** {
  29              		.loc 1 50 1 view -0
  30              		.cfi_startproc
  31              		@ args = 0, pretend = 0, frame = 0
  32              		@ frame_needed = 0, uses_anonymous_args = 0
  33 0000 08B5     		push	{r3, lr}
  34              		.cfi_def_cfa_offset 8
  35              		.cfi_offset 3, -8
  36              		.cfi_offset 14, -4
  51:Src/motorcontrol.c ****   /* Reconfigure the SysTick interrupt to fire every 500 us. */
  52:Src/motorcontrol.c ****   (void)HAL_SYSTICK_Config(HAL_RCC_GetHCLKFreq() / SYS_TICK_FREQUENCY);
  37              		.loc 1 52 3 view .LVU1
  38              		.loc 1 52 28 is_stmt 0 view .LVU2
  39 0002 FFF7FEFF 		bl	HAL_RCC_GetHCLKFreq
  40              	.LVL0:
  41              		.loc 1 52 9 view .LVU3
  42 0006 094B     		ldr	r3, .L3
  43 0008 A3FB0030 		umull	r3, r0, r3, r0
  44 000c C009     		lsrs	r0, r0, #7
  45 000e FFF7FEFF 		bl	HAL_SYSTICK_Config
  46              	.LVL1:
  53:Src/motorcontrol.c ****   HAL_NVIC_SetPriority(SysTick_IRQn, uwTickPrio, 0U);
  47              		.loc 1 53 3 is_stmt 1 view .LVU4
  48 0012 0022     		movs	r2, #0
  49 0014 064B     		ldr	r3, .L3+4
  50 0016 1968     		ldr	r1, [r3]
  51 0018 4FF0FF30 		mov	r0, #-1
  52 001c FFF7FEFF 		bl	HAL_NVIC_SetPriority
  53              	.LVL2:
  54:Src/motorcontrol.c **** 
  55:Src/motorcontrol.c ****   /* Initialize the Motor Control Subsystem */
  56:Src/motorcontrol.c ****   MCboot(pMCI);
  54              		.loc 1 56 3 view .LVU5
  55 0020 0448     		ldr	r0, .L3+8
  56 0022 FFF7FEFF 		bl	MCboot
  57              	.LVL3:
  57:Src/motorcontrol.c ****   mc_lock_pins();
  58              		.loc 1 57 3 view .LVU6
ARM GAS  /tmp/ccHxt58w.s 			page 3


  59 0026 FFF7FEFF 		bl	mc_lock_pins
  60              	.LVL4:
  58:Src/motorcontrol.c **** }
  61              		.loc 1 58 1 is_stmt 0 view .LVU7
  62 002a 08BD     		pop	{r3, pc}
  63              	.L4:
  64              		.align	2
  65              	.L3:
  66 002c D34D6210 		.word	274877907
  67 0030 00000000 		.word	uwTickPrio
  68 0034 00000000 		.word	pMCI
  69              		.cfi_endproc
  70              	.LFE1622:
  72              		.comm	pMCI,4,4
  73              		.text
  74              	.Letext0:
  75              		.file 2 "/usr/lib/gcc/arm-none-eabi/9.2.1/include/stdint.h"
  76              		.file 3 "Drivers/CMSIS/Include/core_cm4.h"
  77              		.file 4 "Drivers/CMSIS/Device/ST/STM32G4xx/Include/system_stm32g4xx.h"
  78              		.file 5 "Drivers/CMSIS/Device/ST/STM32G4xx/Include/stm32g431xx.h"
  79              		.file 6 "Drivers/STM32G4xx_HAL_Driver/Inc/stm32g4xx_hal_def.h"
  80              		.file 7 "Drivers/STM32G4xx_HAL_Driver/Inc/stm32g4xx_hal_flash.h"
  81              		.file 8 "Drivers/STM32G4xx_HAL_Driver/Inc/stm32g4xx_hal.h"
  82              		.file 9 "Drivers/STM32G4xx_HAL_Driver/Inc/stm32g4xx_ll_tim.h"
  83              		.file 10 "Drivers/STM32G4xx_HAL_Driver/Inc/stm32g4xx_ll_usart.h"
  84              		.file 11 "Drivers/STM32G4xx_HAL_Driver/Inc/stm32g4xx_ll_dma.h"
  85              		.file 12 "MCSDK_v6.0.0-Full/MotorControl/MCSDK/MCLib/Any/Inc/mc_type.h"
  86              		.file 13 "MCSDK_v6.0.0-Full/MotorControl/MCSDK/MCLib/Any/Inc/pid_regulator.h"
  87              		.file 14 "MCSDK_v6.0.0-Full/MotorControl/MCSDK/MCLib/Any/Inc/speed_pos_fdbk.h"
  88              		.file 15 "MCSDK_v6.0.0-Full/MotorControl/MCSDK/MCLib/Any/Inc/speed_torq_ctrl.h"
  89              		.file 16 "MCSDK_v6.0.0-Full/MotorControl/MCSDK/MCLib/Any/Inc/virtual_speed_sensor.h"
  90              		.file 17 "Inc/regular_conversion_manager.h"
  91              		.file 18 "MCSDK_v6.0.0-Full/MotorControl/MCSDK/MCLib/Any/Inc/ntc_temperature_sensor.h"
  92              		.file 19 "MCSDK_v6.0.0-Full/MotorControl/MCSDK/MCLib/Any/Inc/sto_speed_pos_fdbk.h"
  93              		.file 20 "MCSDK_v6.0.0-Full/MotorControl/MCSDK/MCLib/Any/Inc/pwm_curr_fdbk.h"
  94              		.file 21 "MCSDK_v6.0.0-Full/MotorControl/MCSDK/MCLib/Any/Inc/revup_ctrl.h"
  95              		.file 22 "Inc/mc_interface.h"
  96              		.file 23 "Inc/mc_configuration_registers.h"
  97              		.file 24 "MCSDK_v6.0.0-Full/MotorControl/MCSDK/MCLib/Any/Inc/bus_voltage_sensor.h"
  98              		.file 25 "MCSDK_v6.0.0-Full/MotorControl/MCSDK/MCLib/Any/Inc/r_divider_bus_voltage_sensor.h"
  99              		.file 26 "MCSDK_v6.0.0-Full/MotorControl/MCSDK/MCLib/Any/Inc/pqd_motor_power_measurement.h"
 100              		.file 27 "MCSDK_v6.0.0-Full/MotorControl/MCSDK/MCLib/G4xx/Inc/r3_2_g4xx_pwm_curr_fdbk.h"
 101              		.file 28 "MCSDK_v6.0.0-Full/MotorControl/MCSDK/MCLib/Any/Inc/ramp_ext_mngr.h"
 102              		.file 29 "MCSDK_v6.0.0-Full/MotorControl/MCSDK/MCLib/Any/Inc/circle_limitation.h"
 103              		.file 30 "MCSDK_v6.0.0-Full/MotorControl/MCSDK/MCLib/Any/Inc/sto_pll_speed_pos_fdbk.h"
 104              		.file 31 "MCSDK_v6.0.0-Full/MotorControl/MCSDK/MCLib/Any/Inc/sto_cordic_speed_pos_fdbk.h"
 105              		.file 32 "Inc/mc_config.h"
 106              		.file 33 "Drivers/STM32G4xx_HAL_Driver/Inc/stm32g4xx_hal_rcc.h"
 107              		.file 34 "Drivers/STM32G4xx_HAL_Driver/Inc/stm32g4xx_hal_cortex.h"
 108              		.file 35 "Inc/mc_tasks.h"
ARM GAS  /tmp/ccHxt58w.s 			page 4


DEFINED SYMBOLS
                            *ABS*:0000000000000000 motorcontrol.c
     /tmp/ccHxt58w.s:18     .text.MX_MotorControl_Init:0000000000000000 $t
     /tmp/ccHxt58w.s:26     .text.MX_MotorControl_Init:0000000000000000 MX_MotorControl_Init
     /tmp/ccHxt58w.s:66     .text.MX_MotorControl_Init:000000000000002c $d
                            *COM*:0000000000000004 pMCI

UNDEFINED SYMBOLS
HAL_RCC_GetHCLKFreq
HAL_SYSTICK_Config
HAL_NVIC_SetPriority
MCboot
mc_lock_pins
uwTickPrio
